<?xml version="1.0" encoding="UTF-8"?>
<!-- Generated by org.testng.reporters.JUnitReportReporter -->
<testsuite hostname="DESKTOP-S1PVOLS" failures="0" tests="3" name="com.TestMavenProject.TestClass1" time="0.019" errors="0" timestamp="2022-12-10T08:25:34 CET" skipped="0">
  <testcase classname="com.TestMavenProject.TestClass1" name="testCase2" time="0.001"/>
  <system-out/>
  <testcase classname="com.TestMavenProject.TestClass1" name="testCase3" time="0.002"/>
  <system-out/>
  <testcase classname="com.TestMavenProject.TestClass1" name="testCase1" time="0.016"/>
  <system-out/>
</testsuite> <!-- com.TestMavenProject.TestClass1 -->
