<?xml version="1.0" encoding="UTF-8"?>
<!-- Generated by org.testng.reporters.JUnitReportReporter -->
<testsuite hostname="DESKTOP-S1PVOLS" failures="0" tests="2" name="com.BaseTest2.TestClass2" time="0.002" errors="0" timestamp="2022-12-11T08:47:32 CET" skipped="0">
  <testcase classname="com.BaseTest2.TestClass2" name="testCase4" time="0.001"/>
  <system-out/>
  <testcase classname="com.BaseTest2.TestClass2" name="testCase5" time="0.001"/>
  <system-out/>
</testsuite> <!-- com.BaseTest2.TestClass2 -->
