<?xml version="1.0" encoding="UTF-8"?>
<!-- Generated by org.testng.reporters.JUnitReportReporter -->
<testsuite hostname="DESKTOP-S1PVOLS" failures="0" tests="2" name="com.BaseTest1.TestClass1" time="0.005" errors="0" timestamp="2022-12-12T22:06:43 CET" skipped="0">
  <testcase classname="com.BaseTest1.TestClass1" name="testCase1" time="0.005"/>
  <system-out/>
  <testcase classname="com.BaseTest1.TestClass1" name="testCase2" time="0.000"/>
  <system-out/>
</testsuite> <!-- com.BaseTest1.TestClass1 -->
